     1                                  ; An example of importing externa functions
     2                                  extern printf
     3                                  extern c_area
     4                                  extern c_circum
     5                                  extern r_area
     6                                  extern r_circum
     7                                  
     8                                  global pi       ; Pi is declared globally here. This isn't generally a good idea...
     9                                  
    10                                  section .data
    11 00000000 50455254FB210940            pi      dq  3.141592654
    12 00000008 0000000000002440            radius  dq  10.0
    13 00000010 0400000000000000            side1   dq  4
    14 00000018 0500000000000000            side2   dq  5
    15                                  
    16 00000020 25732025660A00              fmtf    db  "%s %f",10,0
    17 00000027 25732025640A00              fmti    db  "%s %d",10,0
    18 0000002E 54686520636972636C-         ca      db  "The circle area is ",0
    18 00000037 652061726561206973-
    18 00000040 2000               
    19 00000042 54686520636972636C-         cc      db  "The circle cicumference is ",0
    19 0000004B 6520636963756D6665-
    19 00000054 72656E636520697320-
    19 0000005D 00                 
    20 0000005E 546865207265637461-         ra      db  "The rectangle area is ",0
    20 00000067 6E676C652061726561-
    20 00000070 2069732000         
    21 00000075 546865207265637461-         rc      db  "The rectangle perimeter is ",0
    21 0000007E 6E676C652070657269-
    21 00000087 6D6574657220697320-
    21 00000090 00                 
    22                                  
    23                                  section .bss
    24                                  
    25                                  section .text
    26                                      global main
    27                                  
    28                                  main:
    29 00000000 55                          push rbp
    30 00000001 4889E5                      mov rbp, rsp
    31                                  
    32                                      ; Circle area
    33 00000004 F20F100425-                 movsd xmm0, qword [radius]  ; The value to be passed into the function goes into xmm0
    33 00000009 [08000000]         
    34 0000000D E8(00000000)                call c_area
    35                                      
    36 00000012 48BF-                       mov rdi, fmtf
    36 00000014 [2000000000000000] 
    37 0000001C 48BE-                       mov rsi, ca
    37 0000001E [2E00000000000000] 
    38 00000026 B801000000                  mov rax, 1
    39 0000002B E8(00000000)                call printf
    40                                  
    41                                      ; Circle cicumference
    42 00000030 F20F100425-                 movsd xmm0, qword [radius]  ; The value to be passed into the function goes into xmm0
    42 00000035 [08000000]         
    43 00000039 E8(00000000)                call c_circum
    44                                  
    45 0000003E 48BF-                       mov rdi, fmtf
    45 00000040 [2000000000000000] 
    46 00000048 48BE-                       mov rsi, cc
    46 0000004A [4200000000000000] 
    47 00000052 B801000000                  mov rax, 1
    48 00000057 E8(00000000)                call printf
    49                                  
    50                                      ; Rectangle area
    51 0000005C 488B3C25[10000000]          mov rdi, [side1]            ; Two values are passed here
    52 00000064 488B3425[18000000]          mov rsi, [side2]            ; These go into rdi and rsi
    53 0000006C E8(00000000)                call r_area
    54                                  
    55 00000071 48BF-                       mov rdi, fmti
    55 00000073 [2700000000000000] 
    56 0000007B 48BE-                       mov rsi, ra
    56 0000007D [5E00000000000000] 
    57 00000085 4889C2                      mov rdx, rax
    58 00000088 B800000000                  mov rax, 0
    59 0000008D E8(00000000)                call printf
    60                                  
    61                                      ; Rectangle perimeter
    62 00000092 488B3C25[10000000]          mov rdi, [side1]
    63 0000009A 488B3425[18000000]          mov rsi, [side2]
    64 000000A2 E8(00000000)                call r_circum
    65                                  
    66 000000A7 48BF-                       mov rdi, fmti
    66 000000A9 [2700000000000000] 
    67 000000B1 48BE-                       mov rsi, rc
    67 000000B3 [7500000000000000] 
    68 000000BB 4889C2                      mov rdx, rax
    69 000000BE B800000000                  mov rax, 0
    70 000000C3 E8(00000000)                call printf
    71                                  
    72 000000C8 C9                          leave
    73 000000C9 C3                          ret
