     1                                  ; Function for summing the elements of the double array
     2                                  
     3                                  section .data
     4                                  
     5                                  section .bss
     6                                  
     7                                  section .text
     8                                  global aSum
     9                                      aSum:
    10                                          section .text
    11 00000000 4889F1                              mov rcx, rsi
    12 00000003 4889FB                              mov rbx, rdi
    13 00000006 41BC00000000                        mov r12, 0
    14                                              
    15 0000000C F2420F1004E3                        movsd xmm0, qword[rbx + r12 * 8]
    16 00000012 48FFC9                              dec rcx
    17                                              
    18                                              sLoop:
    19 00000015 49FFC4                                  inc r12
    20 00000018 F2420F5804E3                            addsd xmm0, qword[rbx + r12 * 8]
    21 0000001E E2F5                                    loop sLoop
    22 00000020 C3                                  ret
