     1                                  ; A simple function in asm
     2                                  extern printf
     3                                  section .data
     4 00000000 0000000000002440            radius      dq  10.0
     5 00000008 1F85EB51B81E0940            pi          dq  3.14
     6 00000010 546865206172656120-         fmt         db "The area of the circle is %.2f",10,0
     6 00000019 6F6620746865206369-
     6 00000022 72636C652069732025-
     6 0000002B 2E32660A00         
     7                                  
     8                                  section .bss
     9                                  section .text
    10                                      global main
    11                                  
    12                                  main:
    13 00000000 55                          push rbp
    14 00000001 4889E5                      mov rbp, rsp
    15                                  
    16 00000004 E81F000000                  call area               ; Call the function
    17 00000009 48BF-                       mov rdi, fmt            ; Print out the final output
    17 0000000B [1000000000000000] 
    18 00000013 F20F100C25-                 movsd xmm1, [radius]    ; Dealing with double precision and floats, so use xmm!
    18 00000018 [00000000]         
    19 0000001C B801000000                  mov rax, 1              ; 1 float number
    20 00000021 E8(00000000)                call printf
    21                                  
    22 00000026 C9                          leave
    23 00000027 C3                          ret
    24                                  
    25                                  area:
    26 00000028 55                          push rbp
    27 00000029 4889E5                      mov rbp, rsp
    28 0000002C F20F100425-                 movsd xmm0, [radius]
    28 00000031 [00000000]         
    29 00000035 F20F590425-                 mulsd xmm0, [radius]
    29 0000003A [00000000]         
    30 0000003E F20F590425-                 mulsd xmm0, [pi]
    30 00000043 [08000000]         
    31                                  
    32 00000047 C9                          leave
    33 00000048 C3                          ret
