     1                                  ; Program to show how function arguments are passed in assembly
     2                                  extern printf
     3                                  
     4                                  section .data
     5 00000000 4100                        first       db  "A",0
     6 00000002 4200                        second      db  "B",0
     7 00000004 4300                        third       db  "C",0
     8 00000006 4400                        fourth      db  "D",0
     9 00000008 4500                        fifth       db  "E",0
    10 0000000A 4600                        sixth       db  "F",0
    11 0000000C 4700                        seveth      db  "G",0
    12 0000000E 4800                        eigth       db  "H",0
    13 00000010 4900                        ninth       db  "I",0
    14 00000012 4A00                        tenth       db  "J",0
    15 00000014 1F85EB51B81E0940            pi          dq  3.14
    16                                  
    17 0000001C 54686520737472696E-         fmt1        db  "The string is %s%s%s%s%s%s%s%s%s%s",10,0
    17 00000025 672069732025732573-
    17 0000002E 257325732573257325-
    17 00000037 732573257325730A00 
    18 00000040 5069203D2025660A00          fmt2        db  "Pi = %f",10,0
    19                                  
    20                                  section .bss
    21                                  
    22                                  section .text
    23                                      global main
    24                                  
    25                                  main:
    26 00000000 55                          push rbp
    27 00000001 4889E5                      mov rbp, rsp
    28                                  
    29 00000004 48BF-                       mov rdi, fmt1
    29 00000006 [1C00000000000000] 
    30 0000000E 48BE-                       mov rsi, first
    30 00000010 [0000000000000000] 
    31 00000018 48BA-                       mov rdx, second
    31 0000001A [0200000000000000] 
    32 00000022 48B9-                       mov rcx, third
    32 00000024 [0400000000000000] 
    33 0000002C 49B8-                       mov r8, fourth
    33 0000002E [0600000000000000] 
    34 00000036 49B9-                       mov r9, fifth
    34 00000038 [0800000000000000] 
    35                                  
    36 00000040 68[12000000]                push tenth
    37 00000045 68[10000000]                push ninth
    38 0000004A 68[0E000000]                push eigth
    39 0000004F 68[0C000000]                push seveth
    40 00000054 68[0A000000]                push sixth
    41                                  
    42 00000059 B800000000                  mov rax, 0
    43 0000005E E8(00000000)                call printf
    44                                  
    45 00000063 4883E4F0                    and rsp, 0xfffffffffffffff0
    46 00000067 F20F100425-                 movsd xmm0, [pi]
    46 0000006C [14000000]         
    47 00000070 B801000000                  mov rax, 1
    48 00000075 48BF-                       mov rdi, fmt2
    48 00000077 [4000000000000000] 
    49 0000007F E8(00000000)                call printf
    50                                  
    51 00000084 C9                          leave
    52 00000085 C3                          ret
