     1                                  ; An example to demonstrate the properties of arithmetic shifts
     2                                  extern printf
     3                                  section .data
     4 00000000 4E756D626572203120-         msgn1       db  "Number 1 = %d",0
     4 00000009 3D20256400         
     5 0000000E 4E756D626572203220-         msgn2       db  "Number 2 = %d",0
     5 00000017 3D20256400         
     6 0000001C 53484C2032203D204F-         msg1        db  "SHL 2 = OK multiply by 4",0
     6 00000025 4B206D756C7469706C-
     6 0000002E 79206279203400     
     7 00000035 5348522032203D2057-         msg2        db  "SHR 2 = WRONG divide by 4",0
     7 0000003E 524F4E472064697669-
     7 00000047 6465206279203400   
     8 0000004F 53414C2032203D204F-         msg3        db  "SAL 2 = OK multiply by 4",0
     8 00000058 4B206D756C7469706C-
     8 00000061 79206279203400     
     9 00000068 5341522032203D204F-         msg4        db  "SAR 2 = OK divide by 4",0
     9 00000071 4B2064697669646520-
     9 0000007A 6279203400         
    10 0000007F 5348522032203D204F-         msg5        db  "SHR 2 = OK divide by 4",0
    10 00000088 4B2064697669646520-
    10 00000091 6279203400         
    11                                  
    12 00000096 0800000000000000            number1     dq  8
    13 0000009E F8FFFFFFFFFFFFFF            number2     dq  -8
    14 000000A6 0000000000000000            result      dq  0
    15                                  
    16                                  section .bss
    17                                  
    18                                  section .text
    19                                      global main
    20                                  
    21                                  main:
    22 00000000 55                          push rbp
    23 00000001 4889E5                      mov rbp, rsp
    24                                  
    25                                  ;SHL-------------------------------------------------------
    26                                      ;Positive number
    27 00000004 48BE-                       mov rsi, msg1 
    27 00000006 [1C00000000000000] 
    28 0000000E E873010000                  call printmsg
    29 00000013 488B3425[96000000]          mov rsi, [number1]
    30 0000001B E87B010000                  call printnbr
    31 00000020 488B0425[96000000]          mov rax, [number1]
    32 00000028 48C1E002                    shl rax, 2
    33 0000002C 4889C6                      mov rsi, rax
    34 0000002F E87C010000                  call printres
    35                                  
    36                                      ;Negative number
    37 00000034 48BE-                       mov rsi, msg1 
    37 00000036 [1C00000000000000] 
    38 0000003E E843010000                  call printmsg
    39 00000043 488B3425[9E000000]          mov rsi, [number2]
    40 0000004B E84B010000                  call printnbr
    41 00000050 488B0425[9E000000]          mov rax, [number2]
    42 00000058 48C1E002                    shl rax, 2
    43 0000005C 4889C6                      mov rsi, rax
    44 0000005F E84C010000                  call printres
    45                                  
    46                                  ;SAL-------------------------------------------------------
    47                                      ;Positive number
    48 00000064 48BE-                       mov rsi, msg3 
    48 00000066 [4F00000000000000] 
    49 0000006E E813010000                  call printmsg
    50 00000073 488B3425[96000000]          mov rsi, [number1]
    51 0000007B E81B010000                  call printnbr
    52 00000080 488B0425[96000000]          mov rax, [number1]
    53 00000088 48C1E002                    sal rax, 2
    54 0000008C 4889C6                      mov rsi, rax
    55 0000008F E81C010000                  call printres
    56                                  
    57                                      ;Negative number
    58 00000094 48BE-                       mov rsi, msg3 
    58 00000096 [4F00000000000000] 
    59 0000009E E8E3000000                  call printmsg
    60 000000A3 488B3425[9E000000]          mov rsi, [number2]
    61 000000AB E8EB000000                  call printnbr
    62 000000B0 488B0425[9E000000]          mov rax, [number2]
    63 000000B8 48C1E002                    sal rax, 2
    64 000000BC 4889C6                      mov rsi, rax
    65 000000BF E8EC000000                  call printres
    66                                  
    67                                  ;SHR-------------------------------------------------------
    68                                      ;Positive number
    69 000000C4 48BE-                       mov rsi, msg2 
    69 000000C6 [3500000000000000] 
    70 000000CE E8B3000000                  call printmsg
    71 000000D3 488B3425[96000000]          mov rsi, [number1]
    72 000000DB E8BB000000                  call printnbr
    73 000000E0 488B0425[96000000]          mov rax, [number1]
    74 000000E8 48C1E802                    shr rax, 2
    75 000000EC 4889C6                      mov rsi, rax
    76 000000EF E8BC000000                  call printres
    77                                  
    78                                      ;Negative number
    79 000000F4 48BE-                       mov rsi, msg2 
    79 000000F6 [3500000000000000] 
    80 000000FE E883000000                  call printmsg
    81 00000103 488B3425[9E000000]          mov rsi, [number2]
    82 0000010B E88B000000                  call printnbr
    83 00000110 488B0425[9E000000]          mov rax, [number2]
    84 00000118 48C1E802                    shr rax, 2
    85 0000011C 4889C6                      mov rsi, rax
    86 0000011F E88C000000                  call printres
    87                                  
    88                                  ;SAR-------------------------------------------------------
    89                                      ;Positive number
    90 00000124 48BE-                       mov rsi, msg4 
    90 00000126 [6800000000000000] 
    91 0000012E E853000000                  call printmsg
    92 00000133 488B3425[96000000]          mov rsi, [number1]
    93 0000013B E85B000000                  call printnbr
    94 00000140 488B0425[96000000]          mov rax, [number1]
    95 00000148 48C1F802                    sar rax, 2
    96 0000014C 4889C6                      mov rsi, rax
    97 0000014F E85C000000                  call printres
    98                                  
    99                                      ;Negative number
   100 00000154 48BE-                       mov rsi, msg4 
   100 00000156 [6800000000000000] 
   101 0000015E E823000000                  call printmsg
   102 00000163 488B3425[9E000000]          mov rsi, [number2]
   103 0000016B E82B000000                  call printnbr
   104 00000170 488B0425[9E000000]          mov rax, [number2]
   105 00000178 48C1F802                    sar rax, 2
   106 0000017C 4889C6                      mov rsi, rax
   107 0000017F E82C000000                  call printres
   108                                  
   109 00000184 C9                          leave
   110 00000185 C3                          ret 
   111                                  
   112                                  printmsg:
   113                                      section .data
   114 000000AE 0A25730A00                      .fmtstr     db  10,"%s",10,0
   115                                      section .text 
   116 00000186 48BF-                           mov rdi, .fmtstr
   116 00000188 [AE00000000000000] 
   117 00000190 B800000000                      mov rax, 0
   118 00000195 E8(00000000)                    call printf
   119                                      
   120 0000019A C3                              ret
   121                                  
   122                                  printnbr:
   123                                      section .data
   124 000000B3 546865206F72696769-             .fmtstr     db  "The original number is %lld",10,0
   124 000000BC 6E616C206E756D6265-
   124 000000C5 7220697320256C6C64-
   124 000000CE 0A00               
   125                                      section .text
   126 0000019B 48BF-                           mov rdi, .fmtstr
   126 0000019D [B300000000000000] 
   127 000001A5 B800000000                      mov rax, 0
   128 000001AA E8(00000000)                    call printf
   129                                      
   130 000001AF C3                          ret
   131                                  
   132                                  printres:
   133                                      section .data
   134 000000D0 54686520726573756C-            .fmtstr     db  "The resulting number is %lld",10,0
   134 000000D9 74696E67206E756D62-
   134 000000E2 657220697320256C6C-
   134 000000EB 640A00             
   135                                      section .text
   136 000001B0 48BF-                           mov rdi, .fmtstr
   136 000001B2 [D000000000000000] 
   137 000001BA B800000000                      mov rax, 0
   138 000001BF E8(00000000)                    call printf
   139                                  
   140 000001C4 C3                              ret
