     1                                  ; bits.asm 
     2                                  extern printb
     3                                  extern printf
     4                                  section .data
     5 00000000 4E756D62657220310A-         msgn1   db  "Number 1",10,0
     5 00000009 00                 
     6 0000000A 4E756D62657220320A-         msgn2   db  "Number 2",10,0
     6 00000013 00                 
     7 00000014 584F520A00                  msg1    db  "XOR",10,0
     8 00000019 4F520A00                    msg2    db  "OR",10,0
     9 0000001D 414E440A00                  msg3    db  "AND",10,0
    10 00000022 4E4F540A00                  msg4    db  "NOT",10,0
    11 00000027 53484C2032206C6F77-         msg5    db  "SHL 2 lower byte of number 1",10,0
    11 00000030 65722062797465206F-
    11 00000039 66206E756D62657220-
    11 00000042 310A00             
    12 00000045 5348522032206C6F77-         msg6    db  "SHR 2 lower byte of number 1",10,0
    12 0000004E 65722062797465206F-
    12 00000057 66206E756D62657220-
    12 00000060 310A00             
    13 00000063 53414C2032206C6F77-         msg7    db  "SAL 2 lower byte of number 1",10,0
    13 0000006C 65722062797465206F-
    13 00000075 66206E756D62657220-
    13 0000007E 310A00             
    14 00000081 5341522032206C6F77-         msg8    db  "SAR 2 lower byte of number 1",10,0
    14 0000008A 65722062797465206F-
    14 00000093 66206E756D62657220-
    14 0000009C 310A00             
    15 0000009F 524F4C2032206C6F77-         msg9    db  "ROL 2 lower byte of number 1",10,0  
    15 000000A8 65722062797465206F-
    15 000000B1 66206E756D62657220-
    15 000000BA 310A00             
    16 000000BD 524F4C2032206C6F77-         msg10   db  "ROL 2 lower byte of number 2",10,0
    16 000000C6 65722062797465206F-
    16 000000CF 66206E756D62657220-
    16 000000D8 320A00             
    17 000000DB 524F522032206C6F77-         msg11   db  "ROR 2 lower byte of number 1",10,0
    17 000000E4 65722062797465206F-
    17 000000ED 66206E756D62657220-
    17 000000F6 310A00             
    18 000000F9 524F522032206C6F77-         msg12   db  "ROR 2 lower byte of number 2",10,0
    18 00000102 65722062797465206F-
    18 0000010B 66206E756D62657220-
    18 00000114 320A00             
    19 00000117 B8FFFFFFFFFFFFFF            number1 dq  -72
    20 0000011F 2804000000000000            number2 dq  1064
    21                                  
    22                                  section .bss
    23                                  
    24                                  section .text
    25                                      global main
    26                                  
    27                                  main:
    28 00000000 55                          push rbp
    29 00000001 4889E5                      mov rbp, rsp
    30                                  
    31                                      ;Print Number 1
    32 00000004 48BE-                       mov rsi, msgn1
    32 00000006 [0000000000000000] 
    33 0000000E E8D2010000                  call printmsg
    34 00000013 488B3C25[17010000]          mov rdi, [number1]
    35 0000001B E8(00000000)                call printb
    36                                  
    37                                      ;Print Number 2
    38 00000020 48BE-                       mov rsi, msgn2
    38 00000022 [0A00000000000000] 
    39 0000002A E8B6010000                  call printmsg
    40 0000002F 488B3C25[1F010000]          mov rdi, [number2]
    41 00000037 E8(00000000)                call printb
    42                                  
    43                                      ;Print XOR
    44 0000003C 48BE-                       mov rsi, msg1
    44 0000003E [1400000000000000] 
    45 00000046 E89A010000                  call printmsg
    46                                  
    47 0000004B 488B0425[17010000]          mov rax, [number1]
    48 00000053 48330425[1F010000]          xor rax, [number2]
    49 0000005B 4889C7                      mov rdi, rax
    50 0000005E E8(00000000)                call printb
    51                                  
    52                                      ;Print OR
    53 00000063 48BE-                       mov rsi, msg2
    53 00000065 [1900000000000000] 
    54 0000006D E873010000                  call printmsg
    55                                  
    56 00000072 488B0425[17010000]          mov rax, [number1]
    57 0000007A 480B0425[1F010000]          or rax, [number2]
    58 00000082 4889C7                      mov rdi, rax
    59 00000085 E8(00000000)                call printb
    60                                  
    61                                      ;Print AND
    62 0000008A 48BE-                       mov rsi, msg3
    62 0000008C [1D00000000000000] 
    63 00000094 E84C010000                  call printmsg
    64                                  
    65 00000099 488B0425[17010000]          mov rax, [number1]
    66 000000A1 48230425[1F010000]          and rax, [number2]
    67 000000A9 4889C7                      mov rdi, rax
    68 000000AC E8(00000000)                call printb
    69                                  
    70                                      ;Print NOT
    71 000000B1 48BE-                       mov rsi, msg4
    71 000000B3 [2200000000000000] 
    72 000000BB E825010000                  call printmsg
    73                                  
    74 000000C0 488B0425[17010000]          mov rax, [number1]
    75 000000C8 48F7D0                      not rax
    76 000000CB 4889C7                      mov rdi, rax
    77 000000CE E8(00000000)                call printb
    78                                  
    79                                      ;Print SHL
    80 000000D3 48BE-                       mov rsi, msg5 
    80 000000D5 [2700000000000000] 
    81 000000DD E803010000                  call printmsg
    82                                  
    83 000000E2 488B0425[17010000]          mov rax, [number1]
    84 000000EA C0E002                      shl al, 2
    85 000000ED 4889C7                      mov rdi, rax
    86 000000F0 E8(00000000)                call printb
    87                                  
    88                                      ;Print SHR
    89 000000F5 48BE-                       mov rsi, msg6 
    89 000000F7 [4500000000000000] 
    90 000000FF E8E1000000                  call printmsg
    91                                  
    92 00000104 488B0425[17010000]          mov rax, [number1]
    93 0000010C C0E802                      shr al, 2
    94 0000010F 4889C7                      mov rdi, rax
    95 00000112 E8(00000000)                call printb
    96                                  
    97                                      ;Print SAL
    98 00000117 48BE-                       mov rsi, msg7 
    98 00000119 [6300000000000000] 
    99 00000121 E8BF000000                  call printmsg
   100                                  
   101 00000126 488B0425[17010000]          mov rax, [number1]
   102 0000012E C0E002                      sal al, 2
   103 00000131 4889C7                      mov rdi, rax
   104 00000134 E8(00000000)                call printb
   105                                  
   106                                      ;Print SAR
   107 00000139 48BE-                       mov rsi, msg7 
   107 0000013B [6300000000000000] 
   108 00000143 E89D000000                  call printmsg
   109                                  
   110 00000148 488B0425[17010000]          mov rax, [number1]
   111 00000150 C0F802                      sar al, 2
   112 00000153 4889C7                      mov rdi, rax
   113 00000156 E8(00000000)                call printb
   114                                  
   115                                      ;Print ROL (Rotate Left)
   116 0000015B 48BE-                       mov rsi, msg9 
   116 0000015D [9F00000000000000] 
   117 00000165 E87B000000                  call printmsg
   118                                  
   119 0000016A 488B0425[17010000]          mov rax, [number1]
   120 00000172 C0C002                      rol al, 2
   121 00000175 4889C7                      mov rdi, rax
   122 00000178 E8(00000000)                call printb
   123                                  
   124 0000017D 48BE-                       mov rsi, msg10 
   124 0000017F [BD00000000000000] 
   125 00000187 E859000000                  call printmsg
   126                                  
   127 0000018C 488B0425[1F010000]          mov rax, [number2]
   128 00000194 C0C002                      rol al, 2
   129 00000197 4889C7                      mov rdi, rax
   130 0000019A E8(00000000)                call printb
   131                                  
   132                                      ;Print ROR (Rotate Right)
   133 0000019F 48BE-                       mov rsi, msg11 
   133 000001A1 [DB00000000000000] 
   134 000001A9 E837000000                  call printmsg
   135                                  
   136 000001AE 488B0425[17010000]          mov rax, [number1]
   137 000001B6 C0C802                      ror al, 2
   138 000001B9 4889C7                      mov rdi, rax
   139 000001BC E8(00000000)                call printb
   140                                  
   141 000001C1 48BE-                       mov rsi, msg12 
   141 000001C3 [F900000000000000] 
   142 000001CB E815000000                  call printmsg
   143                                  
   144 000001D0 488B0425[1F010000]          mov rax, [number2]
   145 000001D8 C0C802                      ror al, 2
   146 000001DB 4889C7                      mov rdi, rax
   147 000001DE E8(00000000)                call printb
   148                                  
   149 000001E3 C9                          leave
   150 000001E4 C3                          ret 
   151                                  
   152                                  printmsg:
   153                                      section .data
   154 00000127 257300                          .fmtstr     db  "%s",0
   155                                      
   156                                      section .text
   157 000001E5 48BF-                           mov rdi, .fmtstr
   157 000001E7 [2701000000000000] 
   158 000001EF B800000000                      mov rax, 0
   159 000001F4 E8(00000000)                    call printf
   160 000001F9 C3                              ret
   161                                  
