     1                                  ; A more complex function
     2                                  extern printf
     3                                  section .data
     4 00000000 0000000000002440            radius      dq  10.0
     5                                  
     6                                  section .bss
     7                                  section .text
     8                                  
     9                                  area:
    10                                      section .data
    11 00000008 50455254FB210940                .pi dq  3.141592654
    12                                  
    13                                      section .text
    14 00000000 55                              push rbp
    15 00000001 4889E5                          mov rbp, rsp
    16                                  
    17 00000004 F20F100425-                     movsd xmm0, [radius]
    17 00000009 [00000000]         
    18 0000000D F20F590425-                     mulsd xmm0, [radius]
    18 00000012 [00000000]         
    19 00000016 F20F590425-                     mulsd xmm0, [.pi]
    19 0000001B [08000000]         
    20                                  
    21 0000001F C9                              leave
    22 00000020 C3                              ret
    23                                  
    24                                  circum:
    25                                      section .data
    26 00000010 50455254FB210940                .pi dq  3.141592654
    27                                      
    28                                      section .text
    29 00000021 55                              push rbp
    30 00000022 4889E5                          mov rbp, rsp
    31                                  
    32 00000025 F20F100425-                     movsd xmm0, [radius]
    32 0000002A [00000000]         
    33 0000002E F20F580425-                     addsd xmm0, [radius]
    33 00000033 [00000000]         
    34 00000037 F20F590425-                     mulsd xmm0, [.pi]
    34 0000003C [10000000]         
    35                                  
    36 00000040 C9                              leave
    37 00000041 C3                              ret
    38                                  
    39                                  circle:
    40                                      section .data
    41 00000018 546865206172656120-             .fmt_area   db  "The area is %f",10,0
    41 00000021 69732025660A00     
    42 00000028 54686520636963756D-             .fmt_circum db  "The cicumference is %f",10,0
    42 00000031 666572656E63652069-
    42 0000003A 732025660A00       
    43                                      
    44                                      section .text
    45 00000042 55                              push rbp
    46 00000043 4889E5                          mov rbp, rsp
    47                                          
    48 00000046 E8B5FFFFFF                      call area
    49 0000004B 48BF-                           mov rdi, .fmt_area
    49 0000004D [1800000000000000] 
    50 00000055 B801000000                      mov rax, 1
    51 0000005A E8(00000000)                    call printf
    52                                  
    53 0000005F E8BDFFFFFF                      call circum
    54 00000064 48BF-                           mov rdi, .fmt_circum
    54 00000066 [2800000000000000] 
    55 0000006E B801000000                      mov rax, 1
    56 00000073 E8(00000000)                    call printf
    57                                  
    58 00000078 C9                              leave
    59 00000079 C3                              ret
    60                                  
    61                                      global main
    62                                  
    63                                  main:
    64 0000007A 55                          push rbp
    65 0000007B 4889E5                      mov rbp, rsp
    66                                  
    67 0000007E E8BFFFFFFF                  call circle
    68                                  
    69 00000083 C9                          leave
    70 00000084 C3                          ret
