     1                                  ; An example program that shows how to interact with command line arguments
     2                                  extern printf
     3                                  
     4                                  section .data
     5 00000000 54686520636F6D6D61-         msg     db  "The command and arguments: ",10,0
     5 00000009 6E6420616E64206172-
     5 00000012 67756D656E74733A20-
     5 0000001B 0A00               
     6 0000001D 25730A00                    fmt     db  "%s",10,0
     7                                  
     8                                  section .bss
     9                                  
    10                                  section .text
    11                                      global main
    12                                  
    13                                  main:
    14 00000000 55                          push rbp
    15 00000001 4889E5                      mov rbp, rsp
    16                                  
    17 00000004 4989FC                      mov r12, rdi
    18 00000007 4989F5                      mov r13, rsi
    19                                  
    20 0000000A 48BF-                       mov rdi, msg
    20 0000000C [0000000000000000] 
    21 00000014 E8(00000000)                call printf
    22 00000019 41BE00000000                mov r14, 0
    23                                  
    24                                  ploop:
    25 0000001F 48BF-                       mov rdi, fmt
    25 00000021 [1D00000000000000] 
    26 00000029 4B8B74F500                  mov rsi, qword[r13 + r14 * 8]
    27 0000002E E8(00000000)                call printf
    28                                      
    29 00000033 49FFC6                      inc r14
    30 00000036 4D39E6                      cmp r14, r12
    31 00000039 7CE4                        jl ploop
    32                                  
    33 0000003B C9                          leave
    34 0000003C C3                          ret
